\BOOKMARK [1][-]{section.1}{\376\377\000G\000i\036\333\000i\000\040\000t\000h\000i\036\307\000u}{}% 1
\BOOKMARK [2][-]{subsection.1.1}{\376\377\001\020\036\301\000\040\000t\000\340\000i}{section.1}% 2
\BOOKMARK [2][-]{subsection.1.2}{\376\377\000S\000t\000a\000k\000e\000h\000o\000l\000d\000e\000r\000s}{section.1}% 3
\BOOKMARK [2][-]{subsection.1.3}{\376\377\000U\000s\000e\000r\000\040\000s\000t\000o\000r\000i\000e\000s}{section.1}% 4
\BOOKMARK [1][-]{section.2}{\376\377\000C\000\341\000c\000\040\000y\000\352\000u\000\040\000c\036\247\000u\000\040\000h\036\307\000\040\000t\000h\036\321\000n\000g}{}% 5
\BOOKMARK [2][-]{subsection.2.1}{\376\377\000Y\000\352\000u\000\040\000c\036\247\000u\000\040\000c\000h\036\351\000c\000\040\000n\001\003\000n\000g\000\040\000\050\000F\000u\000n\000c\000t\000i\000o\000n\000a\000l\000\040\000R\000e\000q\000u\000i\000r\000e\000m\000e\000n\000t\000s\000\051}{section.2}% 6
\BOOKMARK [2][-]{subsection.2.2}{\376\377\000Y\000\352\000u\000\040\000c\036\247\000u\000\040\000p\000h\000i\000\040\000c\000h\036\351\000c\000\040\000n\001\003\000n\000g\000\040\000\050\000N\000o\000n\000-\000f\000u\000n\000c\000t\000i\000o\000n\000a\000l\000\040\000r\000e\000q\000u\000i\000r\000e\000m\000e\000n\000t\000s\000\051}{section.2}% 7
\BOOKMARK [1][-]{section.3}{\376\377\000U\000s\000e\000-\000c\000a\000s\000e\000\040\000d\000i\000a\000g\000r\000a\000m\000s\000\040\000v\000\340\000\040\000u\000s\000e\000-\000c\000a\000s\000e\000\040\000s\000c\000e\000n\000a\000r\000i\000o}{}% 8
\BOOKMARK [2][-]{subsection.3.1}{\376\377\000S\001\241\000\040\001\021\036\323\000\040\000t\036\325\000n\000g\000\040\000h\036\343\000p\000\040\000c\000h\001\260\001\241\000n\000g\000\040\000t\000r\000\354\000n\000h\000\040\000T\000u\000t\000o\000r}{section.3}% 9
\BOOKMARK [2][-]{subsection.3.2}{\376\377\000Q\000u\036\243\000n\000\040\000l\000\375\000\040\000t\000r\000u\000y\000\040\000c\036\255\000p\000\040\000v\000\340\000\040\000x\000\341\000c\000\040\000t\000h\036\361\000c}{section.3}% 10
\BOOKMARK [2][-]{subsection.3.3}{\376\377\001\020\001\003\000n\000g\000\040\000k\000\375\000\040\000c\000h\001\260\001\241\000n\000g\000\040\000t\000r\000\354\000n\000h}{section.3}% 11
\BOOKMARK [2][-]{subsection.3.4}{\376\377\000T\036\241\000o\000\040\000c\000h\001\260\001\241\000n\000g\000\040\000t\000r\000\354\000n\000h\000\040\000h\036\315\000c}{section.3}% 12
\BOOKMARK [2][-]{subsection.3.5}{\376\377\000T\000h\000i\036\277\000t\000\040\000l\036\255\000p\000\040\000l\036\313\000c\000h\000\040\000t\000r\000\354\000n\000h}{section.3}% 13
\BOOKMARK [2][-]{subsection.3.6}{\376\377\001\020\000\341\000n\000h\000\040\000g\000i\000\341}{section.3}% 14
\BOOKMARK [2][-]{subsection.3.7}{\376\377\000P\000h\000\342\000n\000\040\000t\000\355\000c\000h\000\040\000\046\000\040\000b\000\341\000o\000\040\000c\000\341\000o}{section.3}% 15
\BOOKMARK [2][-]{subsection.3.8}{\376\377\000T\000h\000\364\000n\000g\000\040\000b\000\341\000o\000\040\000v\000\340\000\040\000n\000h\036\257\000n\000\040\000t\000i\000n}{section.3}% 16
\BOOKMARK [2][-]{subsection.3.9}{\376\377\000Q\000u\036\243\000n\000\040\000l\000\375\000\040\000t\000\340\000i\000\040\000l\000i\036\307\000u}{section.3}% 17
\BOOKMARK [1][-]{section.4}{\376\377\000A\000c\000t\000i\000v\000i\000t\000y\000\040\000D\000i\000a\000g\000r\000a\000m}{}% 18
\BOOKMARK [2][-]{subsection.4.1}{\376\377\000Q\000u\036\243\000n\000\040\000l\000\375\000\040\000t\000r\000u\000y\000\040\000c\036\255\000p\000\040\000v\000\340\000\040\000x\000\341\000c\000\040\000t\000h\036\361\000c}{section.4}% 19
\BOOKMARK [2][-]{subsection.4.2}{\376\377\001\020\001\003\000n\000g\000\040\000k\000\375\000\040\000c\000h\001\260\001\241\000n\000g\000\040\000t\000r\000\354\000n\000h}{section.4}% 20
\BOOKMARK [2][-]{subsection.4.3}{\376\377\000T\036\241\000o\000\040\000c\000h\001\260\001\241\000n\000g\000\040\000t\000r\000\354\000n\000h\000\040\000h\036\315\000c}{section.4}% 21
\BOOKMARK [2][-]{subsection.4.4}{\376\377\000T\000h\000i\036\277\000t\000\040\000l\036\255\000p\000\040\000l\036\313\000c\000h\000\040\000t\000r\000\354\000n\000h\000\040\000c\000h\000o\000\040\000s\000i\000n\000h\000\040\000v\000i\000\352\000n}{section.4}% 22
\BOOKMARK [2][-]{subsection.4.5}{\376\377\001\020\000\341\000n\000h\000\040\000g\000i\000\341}{section.4}% 23
\BOOKMARK [2][-]{subsection.4.6}{\376\377\000P\000h\000\342\000n\000\040\000t\000\355\000c\000h\000\040\000v\000\340\000\040\000b\000\341\000o\000\040\000c\000\341\000o}{section.4}% 24
\BOOKMARK [2][-]{subsection.4.7}{\376\377\000T\000h\000\364\000n\000g\000\040\000b\000\341\000o\000\040\000v\000\340\000\040\000n\000h\036\257\000n\000\040\000t\000i\000n}{section.4}% 25
\BOOKMARK [2][-]{subsection.4.8}{\376\377\000Q\000u\036\243\000n\000\040\000l\000\375\000\040\000t\000\340\000i\000\040\000l\000i\036\307\000u}{section.4}% 26
\BOOKMARK [1][-]{section.5}{\376\377\000S\000e\000q\000u\000e\000n\000c\000e\000\040\000D\000i\000a\000g\000r\000a\000m\000s}{}% 27
\BOOKMARK [2][-]{subsection.5.1}{\376\377\000Q\000u\036\243\000n\000\040\000l\000\375\000\040\000t\000r\000u\000y\000\040\000c\036\255\000p\000\040\000v\000\340\000\040\000x\000\341\000c\000\040\000t\000h\036\361\000c}{section.5}% 28
\BOOKMARK [2][-]{subsection.5.2}{\376\377\001\020\001\003\000n\000g\000\040\000k\000\375\000\040\000c\000h\001\260\001\241\000n\000g\000\040\000t\000r\000\354\000n\000h}{section.5}% 29
\BOOKMARK [2][-]{subsection.5.3}{\376\377\000T\036\241\000o\000\040\000c\000h\001\260\001\241\000n\000g\000\040\000t\000r\000\354\000n\000h\000\040\000h\036\315\000c}{section.5}% 30
\BOOKMARK [2][-]{subsection.5.4}{\376\377\000T\000h\000i\036\277\000t\000\040\000l\036\255\000p\000\040\000l\036\313\000c\000h\000\040\000t\000r\000\354\000n\000h\000\040\000c\000h\000o\000\040\000s\000i\000n\000h\000\040\000v\000i\000\352\000n}{section.5}% 31
\BOOKMARK [2][-]{subsection.5.5}{\376\377\001\020\000\341\000n\000h\000\040\000g\000i\000\341}{section.5}% 32
\BOOKMARK [2][-]{subsection.5.6}{\376\377\000P\000h\000\342\000n\000\040\000t\000\355\000c\000h\000\040\000v\000\340\000\040\000b\000\341\000o\000\040\000c\000\341\000o}{section.5}% 33
\BOOKMARK [2][-]{subsection.5.7}{\376\377\000T\000h\000\364\000n\000g\000\040\000b\000\341\000o\000\040\000v\000\340\000\040\000n\000h\036\257\000n\000\040\000t\000i\000n}{section.5}% 34
\BOOKMARK [2][-]{subsection.5.8}{\376\377\000Q\000u\036\243\000n\000\040\000l\000\375\000\040\000t\000\340\000i\000\040\000l\000i\036\307\000u}{section.5}% 35
\BOOKMARK [1][-]{section.6}{\376\377\000G\000i\000a\000o\000\040\000d\000i\036\307\000n\000\040\000n\000g\001\260\036\335\000i\000\040\000d\000\371\000n\000g}{}% 36
\BOOKMARK [2][-]{subsection.6.1}{\376\377\000G\000i\000a\000o\000\040\000d\000i\036\307\000n\000\040\000h\036\307\000\040\000t\000h\036\321\000n\000g\000\040\000c\036\347\000a\000\040\000A\000d\000m\000i\000n}{section.6}% 37
\BOOKMARK [2][-]{subsection.6.2}{\376\377\000G\000i\000a\000o\000\040\000d\000i\036\307\000n\000\040\000n\000g\001\260\036\335\000i\000\040\000d\000\371\000n\000g\000\040\000c\036\347\000a\000\040\000T\000u\000t\000o\000r}{section.6}% 38
\BOOKMARK [2][-]{subsection.6.3}{\376\377\000G\000i\000a\000o\000\040\000d\000i\036\307\000n\000\040\000n\000g\001\260\036\335\000i\000\040\000d\000\371\000n\000g\000\040\000c\036\347\000a\000\040\000S\000i\000n\000h\000\040\000v\000i\000\352\000n}{section.6}% 39
\BOOKMARK [2][-]{subsection.6.4}{\376\377\000L\000i\000\352\000n\000\040\000k\036\277\000t\000\040\000k\000i\036\303\000m\000\040\000t\000h\036\355\000\040\000g\000i\000a\000o\000\040\000d\000i\036\307\000n\000\040\000n\000g\001\260\036\335\000i\000\040\000d\000\371\000n\000g}{section.6}% 40
\BOOKMARK [1][-]{section.7}{\376\377\000C\000l\000a\000s\000s\000\040\000D\000i\000a\000g\000r\000a\000m}{}% 41
\BOOKMARK [2][-]{subsection.7.1}{\376\377\000Q\000u\036\243\000n\000\040\000l\000\375\000\040\000t\000r\000u\000y\000\040\000c\036\255\000p\000\040\000v\000\340\000\040\000x\000\341\000c\000\040\000t\000h\036\361\000c}{section.7}% 42
\BOOKMARK [2][-]{subsection.7.2}{\376\377\001\020\001\003\000n\000g\000\040\000k\000\375\000\040\000c\000h\001\260\001\241\000n\000g\000\040\000t\000r\000\354\000n\000h}{section.7}% 43
\BOOKMARK [2][-]{subsection.7.3}{\376\377\000T\036\241\000o\000\040\000c\000h\001\260\001\241\000n\000g\000\040\000t\000r\000\354\000n\000h\000\040\000h\036\315\000c}{section.7}% 44
\BOOKMARK [2][-]{subsection.7.4}{\376\377\000T\000h\000i\036\277\000t\000\040\000l\036\255\000p\000\040\000l\036\313\000c\000h\000\040\000t\000r\000\354\000n\000h\000\040\000c\000h\000o\000\040\000s\000i\000n\000h\000\040\000v\000i\000\352\000n}{section.7}% 45
\BOOKMARK [2][-]{subsection.7.5}{\376\377\001\020\000\341\000n\000h\000\040\000g\000i\000\341}{section.7}% 46
\BOOKMARK [2][-]{subsection.7.6}{\376\377\000P\000h\000\342\000n\000\040\000t\000\355\000c\000h\000\040\000v\000\340\000\040\000b\000\341\000o\000\040\000c\000\341\000o}{section.7}% 47
\BOOKMARK [2][-]{subsection.7.7}{\376\377\000T\000h\000\364\000n\000g\000\040\000b\000\341\000o\000\040\000v\000\340\000\040\000n\000h\036\257\000n\000\040\000t\000i\000n}{section.7}% 48
\BOOKMARK [2][-]{subsection.7.8}{\376\377\000Q\000u\036\243\000n\000\040\000l\000\375\000\040\000t\000\340\000i\000\040\000l\000i\036\307\000u}{section.7}% 49
\BOOKMARK [1][-]{section.8}{\376\377\000D\000e\000v\000e\000l\000o\000p\000m\000e\000n\000t\000\040\000v\000i\000e\000w}{}% 50
\BOOKMARK [2][-]{subsection.8.1}{\376\377\000Q\000u\036\243\000n\000\040\000l\000\375\000\040\000t\000r\000u\000y\000\040\000c\036\255\000p\000\040\000v\000\340\000\040\000x\000\341\000c\000\040\000t\000h\036\361\000c}{section.8}% 51
\BOOKMARK [2][-]{subsection.8.2}{\376\377\001\020\001\003\000n\000g\000\040\000k\000\375\000\040\000c\000h\001\260\001\241\000n\000g\000\040\000t\000r\000\354\000n\000h}{section.8}% 52
\BOOKMARK [2][-]{subsection.8.3}{\376\377\000T\036\241\000o\000\040\000c\000h\001\260\001\241\000n\000g\000\040\000t\000r\000\354\000n\000h\000\040\000h\036\315\000c}{section.8}% 53
\BOOKMARK [2][-]{subsection.8.4}{\376\377\000T\000h\000i\036\277\000t\000\040\000l\036\255\000p\000\040\000l\036\313\000c\000h\000\040\000t\000r\000\354\000n\000h\000\040\000c\000h\000o\000\040\000s\000i\000n\000h\000\040\000v\000i\000\352\000n}{section.8}% 54
\BOOKMARK [2][-]{subsection.8.5}{\376\377\001\020\000\341\000n\000h\000\040\000g\000i\000\341}{section.8}% 55
\BOOKMARK [2][-]{subsection.8.6}{\376\377\000P\000h\000\342\000n\000\040\000t\000\355\000c\000h\000\040\000v\000\340\000\040\000b\000\341\000o\000\040\000c\000\341\000o}{section.8}% 56
\BOOKMARK [2][-]{subsection.8.7}{\376\377\000T\000h\000\364\000n\000g\000\040\000b\000\341\000o\000\040\000v\000\340\000\040\000n\000h\036\257\000n\000\040\000t\000i\000n}{section.8}% 57
\BOOKMARK [2][-]{subsection.8.8}{\376\377\000Q\000u\036\243\000n\000\040\000l\000\375\000\040\000t\000\340\000i\000\040\000l\000i\036\307\000u}{section.8}% 58
\BOOKMARK [1][-]{section.9}{\376\377\000D\000e\000p\000l\000o\000y\000m\000e\000n\000t\000\040\000V\000i\000e\000w\000\040\000c\036\347\000a\000\040\000h\036\307\000\040\000t\000h\036\321\000n\000g\000\040\000T\000u\000r\000t\000o}{}% 59
\BOOKMARK [2][-]{subsection.9.1}{\376\377\000T\000h\000i\036\277\000t\000\040\000b\036\313\000\040\000N\000g\001\260\036\335\000i\000\040\000d\000\371\000n\000g\000\040\000\050\000C\000l\000i\000e\000n\000t\000\040\000D\000e\000v\000i\000c\000e\000\051}{section.9}% 60
\BOOKMARK [2][-]{subsection.9.2}{\376\377\000K\000h\000o\000\040\000m\000\343\000\040\000n\000g\000u\036\323\000n\000\040\000G\000i\000t\000L\000a\000b\000\040\000v\000\340\000\040\000C\000I\000/\000C\000D}{section.9}% 61
\BOOKMARK [2][-]{subsection.9.3}{\376\377\000N\036\301\000n\000\040\000t\036\243\000n\000g\000\040\000R\000e\000n\000d\000e\000r\000.\000c\000o\000m\000\040\000\050\000M\000\364\000i\000\040\000t\000r\001\260\036\335\000n\000g\000\040\000P\000r\000o\000d\000u\000c\000t\000i\000o\000n\000\051}{section.9}% 62
\BOOKMARK [3][-]{subsubsection.9.3.1}{\376\377\000R\000e\000n\000d\000e\000r\000\040\000S\000t\000a\000t\000i\000c\000\040\000S\000i\000t\000e\000\040\000\050\000F\000r\000o\000n\000t\000e\000n\000d\000\051}{subsection.9.3}% 63
\BOOKMARK [3][-]{subsubsection.9.3.2}{\376\377\000R\000e\000n\000d\000e\000r\000\040\000R\000e\000v\000e\000r\000s\000e\000\040\000P\000r\000o\000x\000y}{subsection.9.3}% 64
\BOOKMARK [3][-]{subsubsection.9.3.3}{\376\377\000R\000e\000n\000d\000e\000r\000\040\000W\000e\000b\000\040\000S\000e\000r\000v\000i\000c\000e\000\040\000\050\000B\000a\000c\000k\000e\000n\000d\000\051}{subsection.9.3}% 65
\BOOKMARK [2][-]{subsection.9.4}{\376\377\000C\000\341\000c\000\040\000D\036\313\000c\000h\000\040\000v\036\345\000\040\000B\000\352\000n\000\040\000n\000g\000o\000\340\000i\000\040\000\050\000E\000x\000t\000e\000r\000n\000a\000l\000\040\000S\000e\000r\000v\000i\000c\000e\000s\000\051}{section.9}% 66
\BOOKMARK [3][-]{subsubsection.9.4.1}{\376\377\000M\000o\000n\000g\000o\000D\000B\000\040\000A\000t\000l\000a\000s}{subsection.9.4}% 67
\BOOKMARK [3][-]{subsubsection.9.4.2}{\376\377\000D\036\313\000c\000h\000\040\000v\036\345\000\040\000S\000M\000T\000P}{subsection.9.4}% 68
\BOOKMARK [3][-]{subsubsection.9.4.3}{\376\377\000G\000o\000o\000g\000l\000e\000\040\000O\000A\000u\000t\000h\000\040\0002\000.\0000}{subsection.9.4}% 69
\BOOKMARK [2][-]{subsection.9.5}{\376\377\000M\000\364\000i\000\040\000t\000r\001\260\036\335\000n\000g\000\040\000P\000h\000\341\000t\000\040\000t\000r\000i\036\303\000n\000\040\000C\036\345\000c\000\040\000b\036\331\000\040\000\050\000L\000o\000c\000a\000l\000\040\000D\000e\000v\000e\000l\000o\000p\000m\000e\000n\000t\000\051}{section.9}% 70
\BOOKMARK [3][-]{subsubsection.9.5.1}{\376\377\000F\000r\000o\000n\000t\000e\000n\000d}{subsection.9.5}% 71
\BOOKMARK [3][-]{subsubsection.9.5.2}{\376\377\000B\000a\000c\000k\000e\000n\000d}{subsection.9.5}% 72
\BOOKMARK [1][-]{section.10}{\376\377\000S\036\355\000\040\000d\036\345\000n\000g\000\040\000G\000e\000n\000e\000r\000a\000t\000i\000v\000e\000\040\000A\000I}{}% 73
\BOOKMARK [2][-]{subsection.10.1}{\376\377\000S\036\355\000\040\000d\036\345\000n\000g\000\040\000A\000I\000\040\000t\000r\000o\000n\000g\000\040\000p\000h\000\341\000t\000\040\000t\000r\000i\036\303\000n\000\040\000u\000s\000e\000-\000c\000a\000s\000e\000\040\000"\000T\000h\000\364\000n\000g\000\040\000b\000\341\000o\000\040\000v\000\340\000\040\000n\000h\036\257\000n\000\040\000t\000i\000n\000"}{section.10}% 74
\BOOKMARK [1][-]{section.11}{\376\377\000B\036\243\000n\000g\000\040\000p\000h\000\342\000n\000\040\000c\000\364\000n\000g\000\040\000c\000\364\000n\000g\000\040\000v\000i\036\307\000c}{}% 75
